2024-08-27 09:58:10.296  INFO 11784 --- [restartedMain] c.A.c.CdacelabAdvanceApplication         : Starting CdacelabAdvanceApplication using Java 17.0.7 on DESKTOP-FR3HQRB with PID 11784 (C:\Users\CDAC\Desktop\cybergyan\UAT\LAB\30May\Guacamole\target\classes started by CDAC in C:\Users\CDAC\Desktop\cybergyan\UAT\LAB\30May\Guacamole)
2024-08-27 09:58:10.300  INFO 11784 --- [restartedMain] c.A.c.CdacelabAdvanceApplication         : No active profile set, falling back to 1 default profile: "default"
2024-08-27 09:58:10.350  INFO 11784 --- [restartedMain] .e.DevToolsPropertyDefaultsPostProcessor : Devtools property defaults active! Set 'spring.devtools.add-properties' to 'false' to disable
2024-08-27 09:58:10.350  INFO 11784 --- [restartedMain] .e.DevToolsPropertyDefaultsPostProcessor : For additional web related logging consider setting the 'logging.level.web' property to 'DEBUG'
2024-08-27 09:58:11.517  INFO 11784 --- [restartedMain] .s.d.r.c.RepositoryConfigurationDelegate : Bootstrapping Spring Data JPA repositories in DEFAULT mode.
2024-08-27 09:58:11.613  INFO 11784 --- [restartedMain] .s.d.r.c.RepositoryConfigurationDelegate : Finished Spring Data repository scanning in 89 ms. Found 25 JPA repository interfaces.
2024-08-27 09:58:12.080  INFO 11784 --- [restartedMain] o.s.b.w.embedded.tomcat.TomcatWebServer  : Tomcat initialized with port(s): 8081 (http)
2024-08-27 09:58:12.089  INFO 11784 --- [restartedMain] o.apache.catalina.core.StandardService   : Starting service [Tomcat]
2024-08-27 09:58:12.090  INFO 11784 --- [restartedMain] org.apache.catalina.core.StandardEngine  : Starting Servlet engine: [Apache Tomcat/9.0.68]
2024-08-27 09:58:12.240  INFO 11784 --- [restartedMain] o.a.c.c.C.[Tomcat].[localhost].[/]       : Initializing Spring embedded WebApplicationContext
2024-08-27 09:58:12.240  INFO 11784 --- [restartedMain] w.s.c.ServletWebServerApplicationContext : Root WebApplicationContext: initialization completed in 1889 ms
2024-08-27 09:58:12.299  WARN 11784 --- [restartedMain] JpaBaseConfiguration$JpaWebConfiguration : spring.jpa.open-in-view is enabled by default. Therefore, database queries may be performed during view rendering. Explicitly configure spring.jpa.open-in-view to disable this warning
2024-08-27 09:58:12.365  INFO 11784 --- [restartedMain] com.zaxxer.hikari.HikariDataSource       : HikariPool-1 - Starting...
2024-08-27 09:58:12.582  INFO 11784 --- [restartedMain] com.zaxxer.hikari.HikariDataSource       : HikariPool-1 - Start completed.
2024-08-27 09:58:12.630  INFO 11784 --- [restartedMain] o.hibernate.jpa.internal.util.LogHelper  : HHH000204: Processing PersistenceUnitInfo [name: default]
2024-08-27 09:58:12.694  INFO 11784 --- [restartedMain] org.hibernate.Version                    : HHH000412: Hibernate ORM core version 5.6.12.Final
2024-08-27 09:58:12.885  INFO 11784 --- [restartedMain] o.hibernate.annotations.common.Version   : HCANN000001: Hibernate Commons Annotations {5.1.2.Final}
2024-08-27 09:58:13.035  INFO 11784 --- [restartedMain] org.hibernate.dialect.Dialect            : HHH000400: Using dialect: org.hibernate.dialect.PostgreSQLDialect
2024-08-27 09:58:13.794  INFO 11784 --- [restartedMain] o.h.e.t.j.p.i.JtaPlatformInitiator       : HHH000490: Using JtaPlatform implementation: [org.hibernate.engine.transaction.jta.platform.internal.NoJtaPlatform]
2024-08-27 09:58:13.802  INFO 11784 --- [restartedMain] j.LocalContainerEntityManagerFactoryBean : Initialized JPA EntityManagerFactory for persistence unit 'default'
2024-08-27 09:58:15.038  INFO 11784 --- [restartedMain] o.s.s.web.DefaultSecurityFilterChain     : Will secure any request with [org.springframework.security.web.session.DisableEncodeUrlFilter@7d67c63a, com.Advanceelab.cdacelabAdvance.config.HttpMethodFilter@102d0d47, org.springframework.security.web.context.request.async.WebAsyncManagerIntegrationFilter@66fcbd58, org.springframework.security.web.context.SecurityContextPersistenceFilter@570358e0, org.springframework.security.web.header.HeaderWriterFilter@789f4b80, org.springframework.security.web.csrf.CsrfFilter@5f2a391e, org.springframework.security.web.authentication.logout.LogoutFilter@5300b2ee, com.Advanceelab.cdacelabAdvance.config.CustomAuthenticationFilter@659d17d0, org.springframework.security.web.authentication.UsernamePasswordAuthenticationFilter@4c7fe735, org.springframework.security.web.session.ConcurrentSessionFilter@7eab8f45, org.springframework.security.web.savedrequest.RequestCacheAwareFilter@5fa28f35, org.springframework.security.web.servletapi.SecurityContextHolderAwareRequestFilter@739769e9, org.springframework.security.web.authentication.AnonymousAuthenticationFilter@2b1fe6fb, org.springframework.security.web.session.SessionManagementFilter@39742b5a, org.springframework.security.web.access.ExceptionTranslationFilter@5eb0fbd9, org.springframework.security.web.access.intercept.FilterSecurityInterceptor@1d664bc2]
2024-08-27 09:58:15.495  INFO 11784 --- [restartedMain] o.s.b.d.a.OptionalLiveReloadServer       : LiveReload server is running on port 35729
2024-08-27 09:58:15.522  INFO 11784 --- [restartedMain] o.s.b.w.embedded.tomcat.TomcatWebServer  : Tomcat started on port(s): 8081 (http) with context path ''
2024-08-27 09:58:15.531  INFO 11784 --- [restartedMain] c.A.c.CdacelabAdvanceApplication         : Started CdacelabAdvanceApplication in 5.541 seconds (JVM running for 6.716)
2024-08-27 09:58:15.867  INFO 11784 --- [http-nio-8081-exec-1] o.a.c.c.C.[Tomcat].[localhost].[/]       : Initializing Spring DispatcherServlet 'dispatcherServlet'
2024-08-27 09:58:15.868  INFO 11784 --- [http-nio-8081-exec-1] o.s.web.servlet.DispatcherServlet        : Initializing Servlet 'dispatcherServlet'
2024-08-27 09:58:15.868  INFO 11784 --- [http-nio-8081-exec-1] o.s.web.servlet.DispatcherServlet        : Completed initialization in 0 ms
